
04-26 19:44:57 INFO : Set Daily Backup : 4
04-26 19:44:57 ====================================================================================================
04-26 19:44:57 [ echo_server Config]
04-26 19:44:57     - version : V_2019
04-26 19:44:57     - thread_pool_count : 0
04-26 19:44:57     - debug_mode : 0
04-26 19:44:57     - sys_log_backup_hour : 4
04-26 19:44:57     - host_name : test_00
04-26 19:44:57     - test_tcp_client_listen_port : 5555
04-26 19:44:57 ====================================================================================================
04-26 19:44:57 Network pool count 8
04-26 19:44:57 ===== [ echo_server Start(2024-04-26 19:44:57)] =====
04-26 19:45:10 INFO : [TestTcpClient] Echo : Echo Test 
04-26 19:46:04 ===== [ echo_server End(2024-04-26 19:46:04) ] =====
04-26 19:47:05 INFO : Set Daily Backup : 4
04-26 19:47:05 ====================================================================================================
04-26 19:47:05 [ echo_server Config]
04-26 19:47:05     - version : V_2019
04-26 19:47:05     - thread_pool_count : 0
04-26 19:47:05     - debug_mode : 0
04-26 19:47:05     - sys_log_backup_hour : 4
04-26 19:47:05     - host_name : test_00
04-26 19:47:05     - test_tcp_client_listen_port : 5555
04-26 19:47:05 ====================================================================================================
04-26 19:47:05 Network pool count 8
04-26 19:47:05 ===== [ echo_server Start(2024-04-26 19:47:05)] =====
04-26 19:56:46 INFO : [TestTcpClient] Echo : Echo Test 
04-26 19:56:56 ERROR : [TestTcpClient] TcpNetworkObject::OnReceive - key(0) ip(127.0.0.1) Error(10054) Message(현재 연결은 원격 호스트에 의해 강제로 끊겼습니다)
04-26 19:56:56 INFO : [TestTcpClient] OnNetworkClose - IndexKey(0) IP(127.0.0.1) Port(52011)